[    41.953] (--) Log file renamed from "/home/huym2520016/.local/share/xorg/Xorg.pid-1323.log" to "/home/huym2520016/.local/share/xorg/Xorg.0.log"
[    41.954] 
X.Org X Server 1.20.9
X Protocol Version 11, Revision 0
[    41.954] Build Operating System: Linux 4.15.0-130-generic x86_64 Ubuntu
[    41.954] Current Operating System: Linux huym2520016-virtual-machine 5.8.0-43-generic #49~20.04.1-Ubuntu SMP Fri Feb 5 09:57:56 UTC 2021 x86_64
[    41.954] Kernel command line: BOOT_IMAGE=/boot/vmlinuz-5.8.0-43-generic root=UUID=ddec3cbc-b038-47c7-a0e6-67710b348ad0 ro quiet splash
[    41.954] Build Date: 17 January 2021  09:13:31AM
[    41.954] xorg-server 2:1.20.9-2ubuntu1.2~20.04.1 (For technical support please see http://www.ubuntu.com/support) 
[    41.954] Current version of pixman: 0.38.4
[    41.954] 	Before reporting problems, check http://wiki.x.org
	to make sure that you have the latest version.
[    41.954] Markers: (--) probed, (**) from config file, (==) default setting,
	(++) from command line, (!!) notice, (II) informational,
	(WW) warning, (EE) error, (NI) not implemented, (??) unknown.
[    41.954] (==) Log file: "/home/huym2520016/.local/share/xorg/Xorg.0.log", Time: Thu Apr  8 04:22:05 2021
[    41.960] (==) Using system config directory "/usr/share/X11/xorg.conf.d"
[    41.968] (==) No Layout section.  Using the first Screen section.
[    41.968] (==) No screen section available. Using defaults.
[    41.968] (**) |-->Screen "Default Screen Section" (0)
[    41.968] (**) |   |-->Monitor "<default monitor>"
[    42.017] (==) No monitor specified for screen "Default Screen Section".
	Using a default monitor configuration.
[    42.017] (==) Automatically adding devices
[    42.017] (==) Automatically enabling devices
[    42.017] (==) Automatically adding GPU devices
[    42.017] (==) Automatically binding GPU devices
[    42.017] (==) Max clients allowed: 256, resource mask: 0x1fffff
[    42.017] (WW) The directory "/usr/share/fonts/X11/cyrillic" does not exist.
[    42.017] 	Entry deleted from font path.
[    42.017] (WW) The directory "/usr/share/fonts/X11/100dpi/" does not exist.
[    42.017] 	Entry deleted from font path.
[    42.017] (WW) The directory "/usr/share/fonts/X11/75dpi/" does not exist.
[    42.018] 	Entry deleted from font path.
[    42.018] (WW) The directory "/usr/share/fonts/X11/100dpi" does not exist.
[    42.018] 	Entry deleted from font path.
[    42.018] (WW) The directory "/usr/share/fonts/X11/75dpi" does not exist.
[    42.018] 	Entry deleted from font path.
[    42.018] (==) FontPath set to:
	/usr/share/fonts/X11/misc,
	/usr/share/fonts/X11/Type1,
	built-ins
[    42.018] (==) ModulePath set to "/usr/lib/xorg/modules"
[    42.018] (II) The server relies on udev to provide the list of input devices.
	If no devices become available, reconfigure udev or disable AutoAddDevices.
[    42.018] (II) Loader magic: 0x55572d87a020
[    42.018] (II) Module ABI versions:
[    42.018] 	X.Org ANSI C Emulation: 0.4
[    42.018] 	X.Org Video Driver: 24.1
[    42.018] 	X.Org XInput driver : 24.1
[    42.018] 	X.Org Server Extension : 10.0
[    42.022] (++) using VT number 2

[    42.032] (II) systemd-logind: took control of session /org/freedesktop/login1/session/_32
[    42.035] (II) xfree86: Adding drm device (/dev/dri/card0)
[    42.037] (II) systemd-logind: got fd for /dev/dri/card0 226:0 fd 12 paused 0
[    42.081] (--) PCI:*(0@0:15:0) 15ad:0405:15ad:0405 rev 0, Mem @ 0xe8000000/134217728, 0xfe000000/8388608, I/O @ 0x00001070/16, BIOS @ 0x????????/131072
[    42.101] (II) LoadModule: "glx"
[    42.105] (II) Loading /usr/lib/xorg/modules/extensions/libglx.so
[    42.140] (II) Module glx: vendor="X.Org Foundation"
[    42.140] 	compiled for 1.20.9, module version = 1.0.0
[    42.140] 	ABI class: X.Org Server Extension, version 10.0
[    42.140] (==) Matched vmware as autoconfigured driver 0
[    42.140] (==) Matched modesetting as autoconfigured driver 1
[    42.140] (==) Matched fbdev as autoconfigured driver 2
[    42.140] (==) Matched vesa as autoconfigured driver 3
[    42.140] (==) Assigned the driver to the xf86ConfigLayout
[    42.140] (II) LoadModule: "vmware"
[    42.144] (II) Loading /usr/lib/xorg/modules/drivers/vmware_drv.so
[    42.653] (II) Module vmware: vendor="X.Org Foundation"
[    42.653] 	compiled for 1.20.8, module version = 13.3.0
[    42.653] 	Module class: X.Org Video Driver
[    42.653] 	ABI class: X.Org Video Driver, version 24.1
[    42.653] (II) LoadModule: "modesetting"
[    42.653] (II) Loading /usr/lib/xorg/modules/drivers/modesetting_drv.so
[    42.660] (II) Module modesetting: vendor="X.Org Foundation"
[    42.660] 	compiled for 1.20.9, module version = 1.20.9
[    42.660] 	Module class: X.Org Video Driver
[    42.660] 	ABI class: X.Org Video Driver, version 24.1
[    42.660] (II) LoadModule: "fbdev"
[    42.661] (II) Loading /usr/lib/xorg/modules/drivers/fbdev_drv.so
[    42.673] (II) Module fbdev: vendor="X.Org Foundation"
[    42.673] 	compiled for 1.20.1, module version = 0.5.0
[    42.673] 	Module class: X.Org Video Driver
[    42.673] 	ABI class: X.Org Video Driver, version 24.0
[    42.673] (II) LoadModule: "vesa"
[    42.674] (II) Loading /usr/lib/xorg/modules/drivers/vesa_drv.so
[    42.676] (II) Module vesa: vendor="X.Org Foundation"
[    42.676] 	compiled for 1.20.4, module version = 2.4.0
[    42.676] 	Module class: X.Org Video Driver
[    42.676] 	ABI class: X.Org Video Driver, version 24.0
[    42.677] (II) vmware: driver for VMware SVGA: vmware0405, vmware0710
[    42.677] (II) modesetting: Driver for Modesetting Kernel Drivers: kms
[    42.677] (II) FBDEV: driver for framebuffer: fbdev
[    42.677] (II) VESA: driver for VESA chipsets: vesa
[    42.677] xf86EnableIOPorts: failed to set IOPL for I/O (Operation not permitted)
[    42.678] (WW) Falling back to old probe method for modesetting
[    42.678] (WW) Falling back to old probe method for fbdev
[    42.678] (II) Loading sub module "fbdevhw"
[    42.678] (II) LoadModule: "fbdevhw"
[    42.678] (II) Loading /usr/lib/xorg/modules/libfbdevhw.so
[    42.681] (II) Module fbdevhw: vendor="X.Org Foundation"
[    42.681] 	compiled for 1.20.9, module version = 0.0.2
[    42.681] 	ABI class: X.Org Video Driver, version 24.1
[    42.681] (EE) open /dev/fb0: Permission denied
[    42.681] (WW) VGA arbiter: cannot open kernel arbiter, no multi-card support
[    42.681] (II) vmware(0): Creating default Display subsection in Screen section
	"Default Screen Section" for depth/fbbpp 24/32
[    42.681] (--) vmware(0): DRM driver version is 2.18.0
[    42.681] (==) vmware(0): Depth 24, (--) framebuffer bpp 32
[    42.682] (==) vmware(0): RGB weight 888
[    42.682] (==) vmware(0): Default visual is TrueColor
[    42.682] (--) vmware(0): Min width 1, Max Width 8192.
[    42.682] (--) vmware(0): Min height 1, Max Height 8192.
[    42.683] (II) vmware(0): Output Virtual1 has no monitor section
[    42.684] (II) vmware(0): Output Virtual2 has no monitor section
[    42.684] (II) vmware(0): Output Virtual3 has no monitor section
[    42.684] (II) vmware(0): Output Virtual4 has no monitor section
[    42.685] (II) vmware(0): Output Virtual5 has no monitor section
[    42.685] (II) vmware(0): Output Virtual6 has no monitor section
[    42.685] (II) vmware(0): Output Virtual7 has no monitor section
[    42.685] (II) vmware(0): Output Virtual8 has no monitor section
[    42.685] (II) vmware(0): Printing probed modes for output Virtual1
[    42.685] (II) vmware(0): Modeline "800x600"x60.0   42.75  800 850 900 950  600 650 700 750 -hsync +vsync (45.0 kHz eP)
[    42.685] (II) vmware(0): Modeline "2560x1600"x60.0  348.50  2560 2752 3032 3504  1600 1603 1609 1658 -hsync +vsync (99.5 kHz e)
[    42.685] (II) vmware(0): Modeline "1920x1440"x60.0  234.00  1920 2048 2256 2600  1440 1441 1444 1500 -hsync +vsync (90.0 kHz e)
[    42.685] (II) vmware(0): Modeline "1856x1392"x60.0  218.25  1856 1952 2176 2528  1392 1393 1396 1439 -hsync +vsync (86.3 kHz e)
[    42.685] (II) vmware(0): Modeline "1792x1344"x60.0  204.75  1792 1920 2120 2448  1344 1345 1348 1394 -hsync +vsync (83.6 kHz e)
[    42.685] (II) vmware(0): Modeline "1920x1200"x59.9  193.25  1920 2056 2256 2592  1200 1203 1209 1245 -hsync +vsync (74.6 kHz e)
[    42.685] (II) vmware(0): Modeline "1600x1200"x60.0  162.00  1600 1664 1856 2160  1200 1201 1204 1250 +hsync +vsync (75.0 kHz e)
[    42.685] (II) vmware(0): Modeline "1680x1050"x60.0  146.25  1680 1784 1960 2240  1050 1053 1059 1089 -hsync +vsync (65.3 kHz e)
[    42.685] (II) vmware(0): Modeline "1400x1050"x60.0  121.75  1400 1488 1632 1864  1050 1053 1057 1089 -hsync +vsync (65.3 kHz e)
[    42.685] (II) vmware(0): Modeline "1280x1024"x60.0  108.00  1280 1328 1440 1688  1024 1025 1028 1066 +hsync +vsync (64.0 kHz e)
[    42.685] (II) vmware(0): Modeline "1440x900"x59.9  106.50  1440 1520 1672 1904  900 903 909 934 -hsync +vsync (55.9 kHz e)
[    42.685] (II) vmware(0): Modeline "1280x960"x60.0  108.00  1280 1376 1488 1800  960 961 964 1000 +hsync +vsync (60.0 kHz e)
[    42.685] (II) vmware(0): Modeline "1360x768"x60.0   85.50  1360 1424 1536 1792  768 771 777 795 +hsync +vsync (47.7 kHz e)
[    42.685] (II) vmware(0): Modeline "1280x800"x59.8   83.50  1280 1352 1480 1680  800 803 809 831 +hsync -vsync (49.7 kHz e)
[    42.685] (II) vmware(0): Modeline "1152x864"x75.0  108.00  1152 1216 1344 1600  864 865 868 900 +hsync +vsync (67.5 kHz e)
[    42.685] (II) vmware(0): Modeline "1280x768"x59.9   79.50  1280 1344 1472 1664  768 771 778 798 -hsync +vsync (47.8 kHz e)
[    42.685] (II) vmware(0): Modeline "1024x768"x60.0   65.00  1024 1048 1184 1344  768 771 777 806 -hsync -vsync (48.4 kHz e)
[    42.685] (II) vmware(0): Modeline "800x600"x60.3   40.00  800 840 968 1056  600 601 605 628 +hsync +vsync (37.9 kHz e)
[    42.685] (II) vmware(0): Modeline "640x480"x59.9   25.18  640 656 752 800  480 489 492 525 -hsync -vsync (31.5 kHz e)
[    42.685] (II) vmware(0): EDID for output Virtual2
[    42.685] (II) vmware(0): EDID for output Virtual3
[    42.686] (II) vmware(0): EDID for output Virtual4
[    42.686] (II) vmware(0): EDID for output Virtual5
[    42.686] (II) vmware(0): EDID for output Virtual6
[    42.686] (II) vmware(0): EDID for output Virtual7
[    42.686] (II) vmware(0): EDID for output Virtual8
[    42.686] (II) vmware(0): Output Virtual1 connected
[    42.686] (II) vmware(0): Output Virtual2 disconnected
[    42.686] (II) vmware(0): Output Virtual3 disconnected
[    42.686] (II) vmware(0): Output Virtual4 disconnected
[    42.686] (II) vmware(0): Output Virtual5 disconnected
[    42.686] (II) vmware(0): Output Virtual6 disconnected
[    42.686] (II) vmware(0): Output Virtual7 disconnected
[    42.686] (II) vmware(0): Output Virtual8 disconnected
[    42.686] (II) vmware(0): Using exact sizes for initial modes
[    42.686] (II) vmware(0): Output Virtual1 using initial mode 800x600 +0+0
[    42.686] (==) vmware(0): DPI set to (96, 96)
[    42.686] (==) vmware(0): Using gamma correction (1.0, 1.0, 1.0)
[    42.686] (II) Loading sub module "fb"
[    42.686] (II) LoadModule: "fb"
[    42.686] (II) Loading /usr/lib/xorg/modules/libfb.so
[    42.698] (II) Module fb: vendor="X.Org Foundation"
[    42.698] 	compiled for 1.20.9, module version = 1.0.0
[    42.698] 	ABI class: X.Org ANSI C Emulation, version 0.4
[    42.698] (II) Loading sub module "dri2"
[    42.698] (II) LoadModule: "dri2"
[    42.698] (II) Module "dri2" already built-in
[    42.698] (II) Loading sub module "dri3"
[    42.698] (II) LoadModule: "dri3"
[    42.698] (II) Module "dri3" already built-in
[    42.698] (II) UnloadModule: "modesetting"
[    42.698] (II) Unloading modesetting
[    42.699] (II) UnloadModule: "fbdev"
[    42.699] (II) Unloading fbdev
[    42.699] (II) UnloadSubModule: "fbdevhw"
[    42.699] (II) Unloading fbdevhw
[    42.699] (II) UnloadModule: "vesa"
[    42.699] (II) Unloading vesa
[    42.765] (II) vmware(0): Initialized VMWARE_CTRL extension version 0.2
[    42.998] (II) vmware(0): Gallium3D XA version: 2.5.0.
[    42.998] (II) vmware(0): Path of drm device is "/dev/dri/card0".
[    43.002] (II) vmware(0): [DRI2] Setup complete
[    43.002] (II) vmware(0): [DRI2]   DRI driver: vmwgfx
[    43.412] (--) vmware(0): Render acceleration is enabled.
[    43.412] (==) vmware(0): Rendercheck mode is disabled.
[    43.412] (--) vmware(0): Direct rendering (DRI2 3D) is enabled.
[    43.412] (--) vmware(0): Direct rendering (DRI3 3D) is enabled.
[    43.413] (==) vmware(0): Direct presents are disabled.
[    43.418] (==) vmware(0): Hardware only presents are automatic per scanout.
[    43.419] (==) vmware(0): Backing store enabled
[    43.419] (==) vmware(0): Silken mouse enabled
[    43.492] (==) vmware(0): DPMS enabled
[    43.494] (II) Initializing extension Generic Event Extension
[    43.494] (II) Initializing extension SHAPE
[    43.494] (II) Initializing extension MIT-SHM
[    43.495] (II) Initializing extension XInputExtension
[    43.498] (II) Initializing extension XTEST
[    43.499] (II) Initializing extension BIG-REQUESTS
[    43.500] (II) Initializing extension SYNC
[    43.500] (II) Initializing extension XKEYBOARD
[    43.501] (II) Initializing extension XC-MISC
[    43.503] (II) Initializing extension SECURITY
[    43.504] (II) Initializing extension XFIXES
[    43.504] (II) Initializing extension RENDER
[    43.504] (II) Initializing extension RANDR
[    43.505] (II) Initializing extension COMPOSITE
[    43.506] (II) Initializing extension DAMAGE
[    43.506] (II) Initializing extension MIT-SCREEN-SAVER
[    43.507] (II) Initializing extension DOUBLE-BUFFER
[    43.507] (II) Initializing extension RECORD
[    43.508] (II) Initializing extension DPMS
[    43.511] (II) Initializing extension Present
[    43.512] (II) Initializing extension DRI3
[    43.512] (II) Initializing extension X-Resource
[    43.513] (II) Initializing extension XVideo
[    43.513] (II) Initializing extension XVideo-MotionCompensation
[    43.514] (II) Initializing extension SELinux
[    43.514] (II) SELinux: Disabled on system
[    43.514] (II) Initializing extension GLX
[    43.585] (II) AIGLX: Loaded and initialized vmwgfx
[    43.585] (II) GLX: Initialized DRI2 GL provider for screen 0
[    43.585] (II) Initializing extension XFree86-VidModeExtension
[    43.586] (II) Initializing extension XFree86-DGA
[    43.586] (II) Initializing extension XFree86-DRI
[    43.587] (II) Initializing extension DRI2
[    43.660] (II) vmware(0): Setting screen physical size to 211 x 158
[    43.998] (II) config/udev: Adding input device Power Button (/dev/input/event0)
[    43.998] (**) Power Button: Applying InputClass "libinput keyboard catchall"
[    43.998] (II) LoadModule: "libinput"
[    43.998] (II) Loading /usr/lib/xorg/modules/input/libinput_drv.so
[    44.009] (II) Module libinput: vendor="X.Org Foundation"
[    44.009] 	compiled for 1.20.4, module version = 0.29.0
[    44.009] 	Module class: X.Org XInput Driver
[    44.009] 	ABI class: X.Org XInput driver, version 24.1
[    44.010] (II) Using input driver 'libinput' for 'Power Button'
[    44.012] (II) systemd-logind: got fd for /dev/input/event0 13:64 fd 24 paused 0
[    44.013] (**) Power Button: always reports core events
[    44.013] (**) Option "Device" "/dev/input/event0"
[    44.013] (**) Option "_source" "server/udev"
[    44.028] (II) event0  - Power Button: is tagged by udev as: Keyboard
[    44.029] (II) event0  - Power Button: device is a keyboard
[    44.029] (II) event0  - Power Button: device removed
[    44.029] (**) Option "config_info" "udev:/sys/devices/LNXSYSTM:00/LNXPWRBN:00/input/input0/event0"
[    44.029] (II) XINPUT: Adding extended input device "Power Button" (type: KEYBOARD, id 6)
[    44.029] (**) Option "xkb_model" "pc105"
[    44.029] (**) Option "xkb_layout" "us"
[    44.035] (II) event0  - Power Button: is tagged by udev as: Keyboard
[    44.036] (II) event0  - Power Button: device is a keyboard
[    44.045] (II) config/udev: Adding input device VMware VMware Virtual USB Mouse (/dev/input/event4)
[    44.045] (**) VMware VMware Virtual USB Mouse: Applying InputClass "libinput pointer catchall"
[    44.045] (II) Using input driver 'libinput' for 'VMware VMware Virtual USB Mouse'
[    44.105] (II) systemd-logind: got fd for /dev/input/event4 13:68 fd 27 paused 0
[    44.105] (**) VMware VMware Virtual USB Mouse: always reports core events
[    44.105] (**) Option "Device" "/dev/input/event4"
[    44.106] (**) Option "_source" "server/udev"
[    44.112] (II) event4  - VMware VMware Virtual USB Mouse: is tagged by udev as: Mouse
[    44.114] (II) event4  - VMware VMware Virtual USB Mouse: device is a pointer
[    44.117] (II) event4  - VMware VMware Virtual USB Mouse: device removed
[    44.117] (**) Option "config_info" "udev:/sys/devices/pci0000:00/0000:00:11.0/0000:02:00.0/usb2/2-1/2-1:1.0/0003:0E0F:0003.0001/input/input5/event4"
[    44.117] (II) XINPUT: Adding extended input device "VMware VMware Virtual USB Mouse" (type: MOUSE, id 7)
[    44.118] (**) Option "AccelerationScheme" "none"
[    44.118] (**) VMware VMware Virtual USB Mouse: (accel) selected scheme none/0
[    44.118] (**) VMware VMware Virtual USB Mouse: (accel) acceleration factor: 2.000
[    44.118] (**) VMware VMware Virtual USB Mouse: (accel) acceleration threshold: 4
[    44.132] (II) event4  - VMware VMware Virtual USB Mouse: is tagged by udev as: Mouse
[    44.136] (II) event4  - VMware VMware Virtual USB Mouse: device is a pointer
[    44.138] (II) config/udev: Adding input device VMware VMware Virtual USB Mouse (/dev/input/mouse2)
[    44.138] (II) No input driver specified, ignoring this device.
[    44.138] (II) This device may have been added with another device file.
[    44.139] (II) config/udev: Adding input device AT Translated Set 2 keyboard (/dev/input/event1)
[    44.139] (**) AT Translated Set 2 keyboard: Applying InputClass "libinput keyboard catchall"
[    44.139] (II) Using input driver 'libinput' for 'AT Translated Set 2 keyboard'
[    44.144] (II) systemd-logind: got fd for /dev/input/event1 13:65 fd 28 paused 0
[    44.144] (**) AT Translated Set 2 keyboard: always reports core events
[    44.144] (**) Option "Device" "/dev/input/event1"
[    44.144] (**) Option "_source" "server/udev"
[    44.148] (II) event1  - AT Translated Set 2 keyboard: is tagged by udev as: Keyboard
[    44.151] (II) event1  - AT Translated Set 2 keyboard: device is a keyboard
[    44.153] (II) event1  - AT Translated Set 2 keyboard: device removed
[    44.153] (**) Option "config_info" "udev:/sys/devices/platform/i8042/serio0/input/input1/event1"
[    44.153] (II) XINPUT: Adding extended input device "AT Translated Set 2 keyboard" (type: KEYBOARD, id 8)
[    44.153] (**) Option "xkb_model" "pc105"
[    44.153] (**) Option "xkb_layout" "us"
[    44.172] (II) event1  - AT Translated Set 2 keyboard: is tagged by udev as: Keyboard
[    44.176] (II) event1  - AT Translated Set 2 keyboard: device is a keyboard
[    44.178] (II) config/udev: Adding input device VirtualPS/2 VMware VMMouse (/dev/input/event3)
[    44.178] (**) VirtualPS/2 VMware VMMouse: Applying InputClass "libinput pointer catchall"
[    44.178] (II) Using input driver 'libinput' for 'VirtualPS/2 VMware VMMouse'
[    44.184] (II) systemd-logind: got fd for /dev/input/event3 13:67 fd 29 paused 0
[    44.184] (**) VirtualPS/2 VMware VMMouse: always reports core events
[    44.184] (**) Option "Device" "/dev/input/event3"
[    44.185] (**) Option "_source" "server/udev"
[    44.189] (II) event3  - VirtualPS/2 VMware VMMouse: is tagged by udev as: Mouse
[    44.194] (II) event3  - VirtualPS/2 VMware VMMouse: device is a pointer
[    44.199] (II) event3  - VirtualPS/2 VMware VMMouse: device removed
[    44.199] (**) Option "config_info" "udev:/sys/devices/platform/i8042/serio1/input/input3/event3"
[    44.199] (II) XINPUT: Adding extended input device "VirtualPS/2 VMware VMMouse" (type: MOUSE, id 9)
[    44.199] (**) Option "AccelerationScheme" "none"
[    44.199] (**) VirtualPS/2 VMware VMMouse: (accel) selected scheme none/0
[    44.199] (**) VirtualPS/2 VMware VMMouse: (accel) acceleration factor: 2.000
[    44.199] (**) VirtualPS/2 VMware VMMouse: (accel) acceleration threshold: 4
[    44.210] (II) event3  - VirtualPS/2 VMware VMMouse: is tagged by udev as: Mouse
[    44.210] (II) event3  - VirtualPS/2 VMware VMMouse: device is a pointer
[    44.211] (II) config/udev: Adding input device VirtualPS/2 VMware VMMouse (/dev/input/mouse1)
[    44.212] (II) No input driver specified, ignoring this device.
[    44.212] (II) This device may have been added with another device file.
[    44.214] (II) config/udev: Adding input device VirtualPS/2 VMware VMMouse (/dev/input/event2)
[    44.214] (**) VirtualPS/2 VMware VMMouse: Applying InputClass "libinput pointer catchall"
[    44.214] (II) Using input driver 'libinput' for 'VirtualPS/2 VMware VMMouse'
[    44.216] (II) systemd-logind: got fd for /dev/input/event2 13:66 fd 30 paused 0
[    44.216] (**) VirtualPS/2 VMware VMMouse: always reports core events
[    44.216] (**) Option "Device" "/dev/input/event2"
[    44.217] (**) Option "_source" "server/udev"
[    44.222] (II) event2  - VirtualPS/2 VMware VMMouse: is tagged by udev as: Mouse
[    44.222] (II) event2  - VirtualPS/2 VMware VMMouse: device is a pointer
[    44.227] (II) event2  - VirtualPS/2 VMware VMMouse: device removed
[    44.227] (**) Option "config_info" "udev:/sys/devices/platform/i8042/serio1/input/input4/event2"
[    44.227] (II) XINPUT: Adding extended input device "VirtualPS/2 VMware VMMouse" (type: MOUSE, id 10)
[    44.227] (**) Option "AccelerationScheme" "none"
[    44.227] (**) VirtualPS/2 VMware VMMouse: (accel) selected scheme none/0
[    44.228] (**) VirtualPS/2 VMware VMMouse: (accel) acceleration factor: 2.000
[    44.228] (**) VirtualPS/2 VMware VMMouse: (accel) acceleration threshold: 4
[    44.230] (II) event2  - VirtualPS/2 VMware VMMouse: is tagged by udev as: Mouse
[    44.232] (II) event2  - VirtualPS/2 VMware VMMouse: device is a pointer
[    44.233] (II) config/udev: Adding input device VirtualPS/2 VMware VMMouse (/dev/input/mouse0)
[    44.233] (II) No input driver specified, ignoring this device.
[    44.233] (II) This device may have been added with another device file.
